2020-12-28 10:05:59.330 [restartedMain] INFO  com.twkf.RandomExtractApplication - Starting RandomExtractApplication using Java 1.8.0_131 on fatherOfSun with PID 11764 (E:\ideaworkspace\random_extract\target\classes started by 黄显乐 in E:\ideaworkspace\random_extract)
2020-12-28 10:05:59.346 [restartedMain] INFO  com.twkf.RandomExtractApplication - No active profile set, falling back to default profiles: default
2020-12-28 10:05:59.414 [restartedMain] INFO  o.s.b.d.env.DevToolsPropertyDefaultsPostProcessor - Devtools property defaults active! Set 'spring.devtools.add-properties' to 'false' to disable
2020-12-28 10:05:59.414 [restartedMain] INFO  o.s.b.d.env.DevToolsPropertyDefaultsPostProcessor - For additional web related logging consider setting the 'logging.level.web' property to 'DEBUG'
2020-12-28 10:06:00.980 [restartedMain] INFO  o.s.d.r.config.RepositoryConfigurationDelegate - Bootstrapping Spring Data JDBC repositories in DEFAULT mode.
2020-12-28 10:06:00.990 [restartedMain] INFO  o.s.d.r.config.RepositoryConfigurationDelegate - Finished Spring Data repository scanning in 6 ms. Found 0 JDBC repository interfaces.
2020-12-28 10:06:01.633 [restartedMain] INFO  o.s.boot.web.embedded.tomcat.TomcatWebServer - Tomcat initialized with port(s): 8095 (http)
2020-12-28 10:06:01.698 [restartedMain] INFO  org.apache.coyote.http11.Http11NioProtocol - Initializing ProtocolHandler ["http-nio-8095"]
2020-12-28 10:06:01.699 [restartedMain] INFO  org.apache.catalina.core.StandardService - Starting service [Tomcat]
2020-12-28 10:06:01.699 [restartedMain] INFO  org.apache.catalina.core.StandardEngine - Starting Servlet engine: [Apache Tomcat/9.0.39]
2020-12-28 10:06:01.776 [restartedMain] INFO  o.a.c.c.C.[Tomcat].[localhost].[/random_extract] - Initializing Spring embedded WebApplicationContext
2020-12-28 10:06:01.777 [restartedMain] INFO  o.s.b.w.s.c.ServletWebServerApplicationContext - Root WebApplicationContext: initialization completed in 2361 ms
2020-12-28 10:06:02.395 [restartedMain] INFO  s.d.s.w.PropertySourcedRequestMappingHandlerMapping - Mapped URL path [/v2/api-docs] onto method [springfox.documentation.swagger2.web.Swagger2Controller#getDocumentation(String, HttpServletRequest)]
2020-12-28 10:06:02.485 [restartedMain] INFO  o.s.scheduling.concurrent.ThreadPoolTaskExecutor - Initializing ExecutorService 'applicationTaskExecutor'
2020-12-28 10:06:02.504 [restartedMain] INFO  o.s.b.d.autoconfigure.OptionalLiveReloadServer - LiveReload server is running on port 35729
2020-12-28 10:06:02.547 [restartedMain] INFO  o.s.b.a.web.servlet.WelcomePageHandlerMapping - Adding welcome page: class path resource [static/index.html]
2020-12-28 10:06:02.666 [restartedMain] INFO  com.zaxxer.hikari.HikariDataSource - DatebookHikariCP - Starting...
2020-12-28 10:06:03.077 [restartedMain] INFO  com.zaxxer.hikari.HikariDataSource - DatebookHikariCP - Start completed.
2020-12-28 10:06:03.193 [restartedMain] INFO  org.apache.coyote.http11.Http11NioProtocol - Starting ProtocolHandler ["http-nio-8095"]
2020-12-28 10:06:03.207 [restartedMain] INFO  o.s.boot.web.embedded.tomcat.TomcatWebServer - Tomcat started on port(s): 8095 (http) with context path '/random_extract'
2020-12-28 10:06:03.208 [restartedMain] INFO  s.d.s.web.plugins.DocumentationPluginsBootstrapper - Context refreshed
2020-12-28 10:06:03.244 [restartedMain] INFO  s.d.s.web.plugins.DocumentationPluginsBootstrapper - Found 1 custom documentation plugin(s)
2020-12-28 10:06:03.266 [restartedMain] INFO  s.d.spring.web.scanners.ApiListingReferenceScanner - Scanning for api listing references
2020-12-28 10:06:03.433 [restartedMain] INFO  com.twkf.RandomExtractApplication - Started RandomExtractApplication in 5.149 seconds (JVM running for 8.895)
2020-12-28 10:06:25.459 [restartedMain] INFO  com.twkf.RandomExtractApplication - Starting RandomExtractApplication using Java 1.8.0_131 on fatherOfSun with PID 15704 (E:\ideaworkspace\random_extract\target\classes started by 黄显乐 in E:\ideaworkspace\random_extract)
2020-12-28 10:06:25.461 [restartedMain] INFO  com.twkf.RandomExtractApplication - No active profile set, falling back to default profiles: default
2020-12-28 10:06:25.506 [restartedMain] INFO  o.s.b.d.env.DevToolsPropertyDefaultsPostProcessor - Devtools property defaults active! Set 'spring.devtools.add-properties' to 'false' to disable
2020-12-28 10:06:25.507 [restartedMain] INFO  o.s.b.d.env.DevToolsPropertyDefaultsPostProcessor - For additional web related logging consider setting the 'logging.level.web' property to 'DEBUG'
2020-12-28 10:06:26.269 [restartedMain] INFO  o.s.d.r.config.RepositoryConfigurationDelegate - Bootstrapping Spring Data JDBC repositories in DEFAULT mode.
2020-12-28 10:06:26.279 [restartedMain] INFO  o.s.d.r.config.RepositoryConfigurationDelegate - Finished Spring Data repository scanning in 6 ms. Found 0 JDBC repository interfaces.
2020-12-28 10:06:26.728 [restartedMain] INFO  o.s.boot.web.embedded.tomcat.TomcatWebServer - Tomcat initialized with port(s): 8095 (http)
2020-12-28 10:06:26.735 [restartedMain] INFO  org.apache.coyote.http11.Http11NioProtocol - Initializing ProtocolHandler ["http-nio-8095"]
2020-12-28 10:06:26.735 [restartedMain] INFO  org.apache.catalina.core.StandardService - Starting service [Tomcat]
2020-12-28 10:06:26.735 [restartedMain] INFO  org.apache.catalina.core.StandardEngine - Starting Servlet engine: [Apache Tomcat/9.0.39]
2020-12-28 10:06:26.811 [restartedMain] INFO  o.a.c.c.C.[Tomcat].[localhost].[/random_extract] - Initializing Spring embedded WebApplicationContext
2020-12-28 10:06:26.811 [restartedMain] INFO  o.s.b.w.s.c.ServletWebServerApplicationContext - Root WebApplicationContext: initialization completed in 1303 ms
2020-12-28 10:06:27.298 [restartedMain] INFO  s.d.s.w.PropertySourcedRequestMappingHandlerMapping - Mapped URL path [/v2/api-docs] onto method [springfox.documentation.swagger2.web.Swagger2Controller#getDocumentation(String, HttpServletRequest)]
2020-12-28 10:06:27.381 [restartedMain] INFO  o.s.scheduling.concurrent.ThreadPoolTaskExecutor - Initializing ExecutorService 'applicationTaskExecutor'
2020-12-28 10:06:27.401 [restartedMain] INFO  o.s.b.d.autoconfigure.OptionalLiveReloadServer - LiveReload server is running on port 35729
2020-12-28 10:06:27.425 [restartedMain] INFO  o.s.b.a.web.servlet.WelcomePageHandlerMapping - Adding welcome page: class path resource [static/index.html]
2020-12-28 10:06:27.538 [restartedMain] INFO  com.zaxxer.hikari.HikariDataSource - DatebookHikariCP - Starting...
2020-12-28 10:06:27.724 [restartedMain] INFO  com.zaxxer.hikari.HikariDataSource - DatebookHikariCP - Start completed.
2020-12-28 10:06:27.842 [restartedMain] INFO  org.apache.coyote.http11.Http11NioProtocol - Starting ProtocolHandler ["http-nio-8095"]
2020-12-28 10:06:27.859 [restartedMain] INFO  o.s.boot.web.embedded.tomcat.TomcatWebServer - Tomcat started on port(s): 8095 (http) with context path '/random_extract'
2020-12-28 10:06:27.860 [restartedMain] INFO  s.d.s.web.plugins.DocumentationPluginsBootstrapper - Context refreshed
2020-12-28 10:06:27.874 [restartedMain] INFO  s.d.s.web.plugins.DocumentationPluginsBootstrapper - Found 1 custom documentation plugin(s)
2020-12-28 10:06:27.899 [restartedMain] INFO  s.d.spring.web.scanners.ApiListingReferenceScanner - Scanning for api listing references
2020-12-28 10:06:28.013 [restartedMain] INFO  com.twkf.RandomExtractApplication - Started RandomExtractApplication in 2.969 seconds (JVM running for 5.262)
